Arguments: 
  C:\Program Files\nodejs\node.exe C:\Users\linzl\AppData\Roaming\npm\node_modules\yarn\bin\yarn.js add electron-builder --dev

PATH: 
  D:\front\company\直播demo\test\electron-quick-start\node_modules\.bin;C:\Program Files (x86)\Common Files\Oracle\Java\javapath;C:\WINDOWS\system32;C:\WINDOWS;C:\WINDOWS\System32\Wbem;C:\WINDOWS\System32\WindowsPowerShell\v1.0\;C:\WINDOWS\System32\OpenSSH\;C:\Program Files\nodejs\;C:\Program Files\Git\cmd;C:\Program Files\TortoiseGit\bin;C:\Program Files\TortoiseSVN\bin;C:\Users\Administrator\AppData\Local\Yarn\bin;C:\Program Files\PuTTY\;C:\nginx\ffmpeg\bin;D:\Strawberry\c\bin;D:\Strawberry\perl\site\bin;D:\Strawberry\perl\bin;C:\Users\linzl\AppData\Local\Programs\Python\Python37\Scripts\;C:\Users\linzl\AppData\Local\Programs\Python\Python37\;C:\Users\linzl\AppData\Local\Microsoft\WindowsApps;C:\Users\linzl\AppData\Roaming\npm;D:\软件\Microsoft VS Code Insiders\bin;D:\Android\SDK\tools;D:\Android\SDK\platform-tools;C:\Program Files\Java\jdk1.8.0_201\bin;C:\Program Files\Java\jdk1.8.0_201\jre\bin;D:\软件\Microsoft VS Code\bin;D:\软件\fiddler;C:\Users\linzl\AppData\Local\Yarn\bin;;%USERPROFILE%\AppData\Local\Microsoft\WindowsApps

Yarn version: 
  1.16.0

Node version: 
  10.15.3

Platform: 
  win32 x64

Trace: 
  Error: ENOENT: no such file or directory, copyfile 'C:\Users\linzl\AppData\Local\Yarn\Cache\v4\npm-ms-2.0.0-5608aeadfc00be6c2901df5f9861788de0d597c8\node_modules\ms\index.js' -> 'D:\front\company\直播demo\test\electron-quick-start\node_modules\extract-zip\node_modules\ms\index.js'

npm manifest: 
  {
    "name": "electron-quick-start",
    "version": "1.0.0",
    "description": "A minimal Electron application",
    "main": "main.js",
    "scripts": {
      "start": "electron .",
      "build": "electron-packager ."
    },
    "repository": "https://github.com/electron/electron-quick-start",
    "keywords": [
      "Electron",
      "quick",
      "start",
      "tutorial",
      "demo"
    ],
    "author": "GitHub",
    "license": "CC0-1.0",
    "devDependencies": {
      "electron": "^8.2.2"
    }
  }

yarn manifest: 
  No manifest

Lockfile: 
  No lockfile
